<?xml version="1.0" encoding="UTF-8"?>
<testsuite name="models.SightingTest" tests="9" skipped="0" failures="0" errors="0" timestamp="2021-06-23T04:06:11" hostname="moringa-ThinkPad-T450s" time="1.392">
  <properties/>
  <testcase name="equals_returnsTrueIfLocationAndAnimalIdAreSame_true" classname="models.SightingTest" time="0.497"/>
  <testcase name="sighting_instantiatesCorrectly_true" classname="models.SightingTest" time="0.073"/>
  <testcase name="save_insertsObjectIntoDatabase_Sighting" classname="models.SightingTest" time="0.208"/>
  <testcase name="all_returnsAllInstancesOfSighting_true" classname="models.SightingTest" time="0.203"/>
  <testcase name="getRangerName_sightingInstantiatesWithRangerName_string" classname="models.SightingTest" time="0.059"/>
  <testcase name="find_returnsSightingWithSameId_secondSighting" classname="models.SightingTest" time="0.14"/>
  <testcase name="getLocation_sightingInstantiatesWithLocation_string" classname="models.SightingTest" time="0.045"/>
  <testcase name="save_assignsIdToObject" classname="models.SightingTest" time="0.111"/>
  <testcase name="getAnimalId_sightingInstantiatesWithAnimalId_int" classname="models.SightingTest" time="0.05"/>
  <system-out><![CDATA[]]></system-out>
  <system-err><![CDATA[]]></system-err>
</testsuite>
